<?xml version="1.0" encoding="UTF-8"?>
<testng-results total="1" passed="1" failed="0" skipped="0">
  <reporter-output>
  </reporter-output>
  <suite started-at="2021-06-03T04:32:12Z" name="Default suite" finished-at="2021-06-03T04:32:27Z" duration-ms="14448">
    <groups>
    </groups>
    <test started-at="2021-06-03T04:32:12Z" name="Default test" finished-at="2021-06-03T04:32:27Z" duration-ms="14448">
      <class name="uia3.TesteStart">
        <test-method signature="deve_iniciar_app()[pri:0, instance:uia3.TesteStart@78aa1f72]" started-at="2021-06-03T01:32:12Z" name="deve_iniciar_app" finished-at="2021-06-03T01:32:27Z" duration-ms="14431" status="PASS">
          <reporter-output>
          </reporter-output>
        </test-method> <!-- deve_iniciar_app -->
      </class> <!-- uia3.TesteStart -->
    </test> <!-- Default test -->
  </suite> <!-- Default suite -->
</testng-results>
